#
# There is insufficient memory for the Java Runtime Environment to continue.
# Native memory allocation (mmap) failed to map 264241152 bytes for G1 virtual space
# Possible reasons:
#   The system is out of physical RAM or swap space
#   The process is running with CompressedOops enabled, and the Java Heap may be blocking the growth of the native heap
# Possible solutions:
#   Reduce memory load on the system
#   Increase physical memory or swap space
#   Check if swap backing store is full
#   Decrease Java heap size (-Xmx/-Xms)
#   Decrease number of Java threads
#   Decrease Java thread stack sizes (-Xss)
#   Set larger code cache with -XX:ReservedCodeCacheSize=
#   JVM is running with Zero Based Compressed Oops mode in which the Java heap is
#     placed in the first 32GB address space. The Java Heap base address is the
#     maximum limit for the native heap growth. Please use -XX:HeapBaseMinAddress
#     to set the Java Heap base and to place the Java Heap above 32GB virtual address.
# This output file may be truncated or incomplete.
#
#  Out of Memory Error (os_windows.cpp:3548), pid=51036, tid=54728
#
# JRE version:  (17.0.12+8) (build )
# Java VM: Java HotSpot(TM) 64-Bit Server VM (17.0.12+8-LTS-286, mixed mode, sharing, tiered, compressed oops, compressed class ptrs, g1 gc, windows-amd64)
# No core dump will be written. Minidumps are not enabled by default on client versions of Windows
#

---------------  S U M M A R Y ------------

Command Line: -Dfile.encoding=UTF-8 -Dstdout.encoding=UTF-8 -Dstderr.encoding=UTF-8 --module-path=E:\CodeProject\Eclipse_workspace\FOPJ\Day6Quiz\bin -XX:+ShowCodeDetailsInExceptionMessages -Djdk.module.main=Day6Quiz Day6Quiz/day6Quiz.day6Quiz_q2

Host: 13th Gen Intel(R) Core(TM) i5-13500H, 16 cores, 15G,  Windows 11 , 64 bit Build 22621 (10.0.22621.3672)
Time: Wed Aug 14 10:49:51 2024  Windows 11 , 64 bit Build 22621 (10.0.22621.3672) elapsed time: 0.009834 seconds (0d 0h 0m 0s)

---------------  T H R E A D  ---------------

Current thread (0x00000212ed972a20):  JavaThread "Unknown thread" [_thread_in_vm, id=54728, stack(0x00000039aa600000,0x00000039aa700000)]

Stack: [0x00000039aa600000,0x00000039aa700000]
Native frames: (J=compiled Java code, j=interpreted, Vv=VM code, C=native code)
V  [jvm.dll+0x67a04a]
V  [jvm.dll+0x7da4ed]
V  [jvm.dll+0x7dbe33]
V  [jvm.dll+0x7dc4a3]
V  [jvm.dll+0x24508f]
V  [jvm.dll+0x677089]
V  [jvm.dll+0x66bd32]
V  [jvm.dll+0x301fa6]
V  [jvm.dll+0x309546]
V  [jvm.dll+0x359d2e]
V  [jvm.dll+0x359f5f]
V  [jvm.dll+0x2d9078]
V  [jvm.dll+0x2d9fe4]
V  [jvm.dll+0x7aca21]
V  [jvm.dll+0x367591]
V  [jvm.dll+0x78b999]
V  [jvm.dll+0x3ec83f]
V  [jvm.dll+0x3ee471]
C  [jli.dll+0x5297]
C  [ucrtbase.dll+0x29333]
C  [KERNEL32.DLL+0x1257d]
C  [ntdll.dll+0x5af28]


---------------  P R O C E S S  ---------------

Threads class SMR info:
_java_thread_list=0x00007ffbfb7d7a18, length=0, elements={
}

Java Threads: ( => current thread )

Other Threads:
  0x00000212ed9df190 GCTaskThread "GC Thread#0" [stack: 0x00000039aa700000,0x00000039aa800000] [id=52896]
  0x00000212ed9f1cc0 ConcurrentGCThread "G1 Main Marker" [stack: 0x00000039aa800000,0x00000039aa900000] [id=49484]
  0x00000212ed9f2e70 ConcurrentGCThread "G1 Conc#0" [stack: 0x00000039aa900000,0x00000039aaa00000] [id=47892]

[error occurred during error reporting (printing all threads), id 0xc0000005, EXCEPTION_ACCESS_VIOLATION (0xc0000005) at pc=0x00007ffbfb009b67]

VM state: not at safepoint (not fully initialized)

VM Mutex/Monitor currently owned by a thread:  ([mutex/lock_event])
[0x00000212ed96ec60] Heap_lock - owner thread: 0x00000212ed972a20

Heap address: 0x0000000704400000, size: 4028 MB, Compressed Oops mode: Zero based, Oop shift amount: 3

CDS archive(s) mapped at: [0x0000000000000000-0x0000000000000000-0x0000000000000000), size 0, SharedBaseAddress: 0x0000000800000000, ArchiveRelocationMode: 1.
Narrow klass base: 0x0000000000000000, Narrow klass shift: 0, Narrow klass range: 0x0

GC Precious Log:
<Empty>

Heap:
 garbage-first heap   total 0K, used 0K [0x0000000704400000, 0x0000000800000000)
  region size 2048K, 0 young (0K), 0 survivors (0K)

[error occurred during error reporting (printing heap information), id 0xc0000005, EXCEPTION_ACCESS_VIOLATION (0xc0000005) at pc=0x00007ffbfb3f3859]

GC Heap History (0 events):
No events

Deoptimization events (0 events):
No events

Classes unloaded (0 events):
No events

Classes redefined (0 events):
No events

Internal exceptions (0 events):
No events

VM Operations (0 events):
No events

Events (1 events):
Event: 0.007 Loaded shared library D:\Environment\JDK17\bin\java.dll


Dynamic libraries:
0x00007ff6b5b10000 - 0x00007ff6b5b20000 	D:\Environment\JDK17\bin\javaw.exe
0x00007ffcbd330000 - 0x00007ffcbd547000 	C:\Windows\SYSTEM32\ntdll.dll
0x00007ffcbc6c0000 - 0x00007ffcbc784000 	C:\Windows\System32\KERNEL32.DLL
0x00007ffcba660000 - 0x00007ffcbaa0d000 	C:\Windows\System32\KERNELBASE.dll
0x00007ffcbaca0000 - 0x00007ffcbadb1000 	C:\Windows\System32\ucrtbase.dll
0x00007ffcb6450000 - 0x00007ffcb646b000 	D:\Environment\JDK17\bin\VCRUNTIME140.dll
0x00007ffca97a0000 - 0x00007ffca97b9000 	D:\Environment\JDK17\bin\jli.dll
0x00007ffcbc4d0000 - 0x00007ffcbc582000 	C:\Windows\System32\ADVAPI32.dll
0x00007ffcbc610000 - 0x00007ffcbc6b7000 	C:\Windows\System32\msvcrt.dll
0x00007ffcbc420000 - 0x00007ffcbc4c9000 	C:\Windows\System32\sechost.dll
0x00007ffcbaf80000 - 0x00007ffcbafa8000 	C:\Windows\System32\bcrypt.dll
0x00007ffcbc7f0000 - 0x00007ffcbc904000 	C:\Windows\System32\RPCRT4.dll
0x00007ffcbc270000 - 0x00007ffcbc41e000 	C:\Windows\System32\USER32.dll
0x00007ffcbaa80000 - 0x00007ffcbaaa6000 	C:\Windows\System32\win32u.dll
0x00007ffcbc910000 - 0x00007ffcbc939000 	C:\Windows\System32\GDI32.dll
0x00007ffcbae60000 - 0x00007ffcbaf79000 	C:\Windows\System32\gdi32full.dll
0x00007ffcbadc0000 - 0x00007ffcbae5a000 	C:\Windows\System32\msvcp_win.dll
0x00007ffc9e6c0000 - 0x00007ffc9e953000 	C:\Windows\WinSxS\amd64_microsoft.windows.common-controls_6595b64144ccf1df_6.0.22621.3672_none_2713b9d173822955\COMCTL32.dll
0x00007ffcb0850000 - 0x00007ffcb085a000 	C:\Windows\SYSTEM32\VERSION.dll
0x00007ffcbc9e0000 - 0x00007ffcbca11000 	C:\Windows\System32\IMM32.DLL
0x00007ffcb6440000 - 0x00007ffcb644c000 	D:\Environment\JDK17\bin\vcruntime140_1.dll
0x00007ffc7cd50000 - 0x00007ffc7cdde000 	D:\Environment\JDK17\bin\msvcp140.dll
0x00007ffbfad20000 - 0x00007ffbfb900000 	D:\Environment\JDK17\bin\server\jvm.dll
0x00007ffcbcf60000 - 0x00007ffcbcf68000 	C:\Windows\System32\PSAPI.DLL
0x00007ffcb79d0000 - 0x00007ffcb7a04000 	C:\Windows\SYSTEM32\WINMM.dll
0x00007ffc6d260000 - 0x00007ffc6d269000 	C:\Windows\SYSTEM32\WSOCK32.dll
0x00007ffcbc590000 - 0x00007ffcbc601000 	C:\Windows\System32\WS2_32.dll
0x00007ffcb9740000 - 0x00007ffcb9758000 	C:\Windows\SYSTEM32\kernel.appcore.dll
0x00007ffca9790000 - 0x00007ffca979a000 	D:\Environment\JDK17\bin\jimage.dll
0x00007ffcb7e70000 - 0x00007ffcb80a2000 	C:\Windows\SYSTEM32\DBGHELP.DLL
0x00007ffcbca20000 - 0x00007ffcbcda8000 	C:\Windows\System32\combase.dll
0x00007ffcbc190000 - 0x00007ffcbc267000 	C:\Windows\System32\OLEAUT32.dll
0x00007ffca8e30000 - 0x00007ffca8e62000 	C:\Windows\SYSTEM32\dbgcore.DLL
0x00007ffcbac20000 - 0x00007ffcbac9b000 	C:\Windows\System32\bcryptPrimitives.dll
0x00007ffc8df50000 - 0x00007ffc8df75000 	D:\Environment\JDK17\bin\java.dll

dbghelp: loaded successfully - version: 4.0.5 - missing functions: none
symbol engine: initialized successfully - sym options: 0x614 - pdb path: .;D:\Environment\JDK17\bin;C:\Windows\SYSTEM32;C:\Windows\WinSxS\amd64_microsoft.windows.common-controls_6595b64144ccf1df_6.0.22621.3672_none_2713b9d173822955;D:\Environment\JDK17\bin\server

VM Arguments:
jvm_args: -Dfile.encoding=UTF-8 -Dstdout.encoding=UTF-8 -Dstderr.encoding=UTF-8 --module-path=E:\CodeProject\Eclipse_workspace\FOPJ\Day6Quiz\bin -XX:+ShowCodeDetailsInExceptionMessages -Djdk.module.main=Day6Quiz 
java_command: Day6Quiz/day6Quiz.day6Quiz_q2
java_class_path (initial): <not set>
Launcher Type: SUN_STANDARD

[Global flags]
     intx CICompilerCount                          = 12                                        {product} {ergonomic}
     uint ConcGCThreads                            = 3                                         {product} {ergonomic}
     uint G1ConcRefinementThreads                  = 13                                        {product} {ergonomic}
   size_t G1HeapRegionSize                         = 2097152                                   {product} {ergonomic}
    uintx GCDrainStackTargetSize                   = 64                                        {product} {ergonomic}
   size_t InitialHeapSize                          = 264241152                                 {product} {ergonomic}
   size_t MarkStackSize                            = 4194304                                   {product} {ergonomic}
   size_t MaxHeapSize                              = 4223664128                                {product} {ergonomic}
   size_t MinHeapDeltaBytes                        = 2097152                                   {product} {ergonomic}
   size_t MinHeapSize                              = 8388608                                   {product} {ergonomic}
    uintx NonNMethodCodeHeapSize                   = 7602480                                {pd product} {ergonomic}
    uintx NonProfiledCodeHeapSize                  = 122027880                              {pd product} {ergonomic}
    uintx ProfiledCodeHeapSize                     = 122027880                              {pd product} {ergonomic}
    uintx ReservedCodeCacheSize                    = 251658240                              {pd product} {ergonomic}
     bool SegmentedCodeCache                       = true                                      {product} {ergonomic}
     bool ShowCodeDetailsInExceptionMessages       = true                                   {manageable} {command line}
   size_t SoftMaxHeapSize                          = 4223664128                             {manageable} {ergonomic}
     bool UseCompressedClassPointers               = true                           {product lp64_product} {ergonomic}
     bool UseCompressedOops                        = true                           {product lp64_product} {ergonomic}
     bool UseG1GC                                  = true                                      {product} {ergonomic}
     bool UseLargePagesIndividualAllocation        = false                                  {pd product} {ergonomic}

Logging:
Log output configuration:
 #0: stdout all=warning uptime,level,tags
 #1: stderr all=off uptime,level,tags

Environment Variables:
JAVA_HOME=D:\Environment\JDK17
PATH=C:/Users/13641/.p2/pool/plugins/org.eclipse.justj.openjdk.hotspot.jre.full.win32.x86_64_22.0.2.v20240802-1626/jre/bin/server;C:/Users/13641/.p2/pool/plugins/org.eclipse.justj.openjdk.hotspot.jre.full.win32.x86_64_22.0.2.v20240802-1626/jre/bin;C:\Program Files\Common Files\Oracle\Java\javapath;D:\VMware\bin\;C:\Program Files (x86)\Common Files\Oracle\Java\javapath;C:\Windows\system32;C:\Windows;C:\Windows\System32\Wbem;C:\Windows\System32\WindowsPowerShell\v1.0\;C:\Windows\System32\OpenSSH\;C:\Program Files (x86)\NVIDIA Corporation\PhysX\Common;C:\Program Files\NVIDIA Corporation\NVIDIA NvDLISR;D:\Environment\Go\bin;D:\Tools\Git\Git\cmd;C:\Users\13641\AppData\Local\Microsoft\WindowsApps;D:\CodeIDE\VScode\Microsoft VS Code\bin;C:\Users\13641\go\bin;C:\mingw64\bin;D:\Environment\JDK17\bin;D:\MySQL\bin;C:\Users\13641\AppData\Local\GitHubDesktop\bin;C:\Users\13641\Desktop;
USERNAME=13641
OS=Windows_NT
PROCESSOR_IDENTIFIER=Intel64 Family 6 Model 186 Stepping 2, GenuineIntel



---------------  S Y S T E M  ---------------

OS:
 Windows 11 , 64 bit Build 22621 (10.0.22621.3672)
OS uptime: 5 days 14:27 hours

CPU: total 16 (initial active 16) (8 cores per cpu, 2 threads per core) family 6 model 186 stepping 2 microcode 0x411c, cx8, cmov, fxsr, ht, mmx, 3dnowpref, sse, sse2, sse3, ssse3, sse4.1, sse4.2, popcnt, lzcnt, tsc, tscinvbit, avx, avx2, aes, erms, clmul, bmi1, bmi2, adx, sha, fma, vzeroupper, clflush, clflushopt, clwb

Memory: 4k page, system-wide physical 16107M (2038M free)
TotalPageFile size 31447M (AvailPageFile size 154M)
current process WorkingSet (physical memory assigned to process): 11M, peak: 11M
current process commit charge ("private bytes"): 70M, peak: 322M

vm_info: Java HotSpot(TM) 64-Bit Server VM (17.0.12+8-LTS-286) for windows-amd64 JRE (17.0.12+8-LTS-286), built on Jun  5 2024 06:46:59 by "mach5one" with MS VC++ 17.6 (VS2022)

END.
